  lab1_4_v6_Генерация размещений.cpp
d:\учёба\2 курс\2 семестр\мп\лабораторная работа №1\lab1_4_v6_генерация размещений\lab1_4_v6_генерация размещений\combi.h(9): error C2143: синтаксическая ошибка: отсутствие ";" перед "*"
d:\учёба\2 курс\2 семестр\мп\лабораторная работа №1\lab1_4_v6_генерация размещений\lab1_4_v6_генерация размещений\combi.h(9): error C4430: отсутствует спецификатор типа - предполагается int. Примечание. C++ не поддерживает int по умолчанию
d:\учёба\2 курс\2 семестр\мп\лабораторная работа №1\lab1_4_v6_генерация размещений\lab1_4_v6_генерация размещений\combi.h(9): error C2238: непредвиденные лексемы перед ";"
d:\учёба\2 курс\2 семестр\мп\лабораторная работа №1\lab1_4_v6_генерация размещений\lab1_4_v6_генерация размещений\combi.h(10): error C2143: синтаксическая ошибка: отсутствие ";" перед "*"
d:\учёба\2 курс\2 семестр\мп\лабораторная работа №1\lab1_4_v6_генерация размещений\lab1_4_v6_генерация размещений\combi.h(10): error C4430: отсутствует спецификатор типа - предполагается int. Примечание. C++ не поддерживает int по умолчанию
d:\учёба\2 курс\2 семестр\мп\лабораторная работа №1\lab1_4_v6_генерация размещений\lab1_4_v6_генерация размещений\combi.h(10): error C2238: непредвиденные лексемы перед ";"
  Combi2.cpp
d:\учёба\2 курс\2 семестр\мп\лабораторная работа №1\lab1_4_v6_генерация размещений\lab1_4_v6_генерация размещений\combi.h(9): error C2143: синтаксическая ошибка: отсутствие ";" перед "*"
d:\учёба\2 курс\2 семестр\мп\лабораторная работа №1\lab1_4_v6_генерация размещений\lab1_4_v6_генерация размещений\combi.h(9): error C4430: отсутствует спецификатор типа - предполагается int. Примечание. C++ не поддерживает int по умолчанию
d:\учёба\2 курс\2 семестр\мп\лабораторная работа №1\lab1_4_v6_генерация размещений\lab1_4_v6_генерация размещений\combi.h(9): error C2238: непредвиденные лексемы перед ";"
d:\учёба\2 курс\2 семестр\мп\лабораторная работа №1\lab1_4_v6_генерация размещений\lab1_4_v6_генерация размещений\combi.h(10): error C2143: синтаксическая ошибка: отсутствие ";" перед "*"
d:\учёба\2 курс\2 семестр\мп\лабораторная работа №1\lab1_4_v6_генерация размещений\lab1_4_v6_генерация размещений\combi.h(10): error C4430: отсутствует спецификатор типа - предполагается int. Примечание. C++ не поддерживает int по умолчанию
d:\учёба\2 курс\2 семестр\мп\лабораторная работа №1\lab1_4_v6_генерация размещений\lab1_4_v6_генерация размещений\combi.h(10): error C2238: непредвиденные лексемы перед ";"
  Combi1.cpp
d:\учёба\2 курс\2 семестр\мп\лабораторная работа №1\lab1_4_v6_генерация размещений\lab1_4_v6_генерация размещений\combi.h(9): error C2143: синтаксическая ошибка: отсутствие ";" перед "*"
d:\учёба\2 курс\2 семестр\мп\лабораторная работа №1\lab1_4_v6_генерация размещений\lab1_4_v6_генерация размещений\combi.h(9): error C4430: отсутствует спецификатор типа - предполагается int. Примечание. C++ не поддерживает int по умолчанию
d:\учёба\2 курс\2 семестр\мп\лабораторная работа №1\lab1_4_v6_генерация размещений\lab1_4_v6_генерация размещений\combi.h(9): error C2238: непредвиденные лексемы перед ";"
d:\учёба\2 курс\2 семестр\мп\лабораторная работа №1\lab1_4_v6_генерация размещений\lab1_4_v6_генерация размещений\combi.h(10): error C2143: синтаксическая ошибка: отсутствие ";" перед "*"
d:\учёба\2 курс\2 семестр\мп\лабораторная работа №1\lab1_4_v6_генерация размещений\lab1_4_v6_генерация размещений\combi.h(10): error C4430: отсутствует спецификатор типа - предполагается int. Примечание. C++ не поддерживает int по умолчанию
d:\учёба\2 курс\2 семестр\мп\лабораторная работа №1\lab1_4_v6_генерация размещений\lab1_4_v6_генерация размещений\combi.h(10): error C2238: непредвиденные лексемы перед ";"
  Combi.cpp
d:\учёба\2 курс\2 семестр\мп\лабораторная работа №1\lab1_4_v6_генерация размещений\lab1_4_v6_генерация размещений\combi.h(9): error C2143: синтаксическая ошибка: отсутствие ";" перед "*"
d:\учёба\2 курс\2 семестр\мп\лабораторная работа №1\lab1_4_v6_генерация размещений\lab1_4_v6_генерация размещений\combi.h(9): error C4430: отсутствует спецификатор типа - предполагается int. Примечание. C++ не поддерживает int по умолчанию
d:\учёба\2 курс\2 семестр\мп\лабораторная работа №1\lab1_4_v6_генерация размещений\lab1_4_v6_генерация размещений\combi.h(9): error C2238: непредвиденные лексемы перед ";"
d:\учёба\2 курс\2 семестр\мп\лабораторная работа №1\lab1_4_v6_генерация размещений\lab1_4_v6_генерация размещений\combi.h(10): error C2143: синтаксическая ошибка: отсутствие ";" перед "*"
d:\учёба\2 курс\2 семестр\мп\лабораторная работа №1\lab1_4_v6_генерация размещений\lab1_4_v6_генерация размещений\combi.h(10): error C4430: отсутствует спецификатор типа - предполагается int. Примечание. C++ не поддерживает int по умолчанию
d:\учёба\2 курс\2 семестр\мп\лабораторная работа №1\lab1_4_v6_генерация размещений\lab1_4_v6_генерация размещений\combi.h(10): error C2238: непредвиденные лексемы перед ";"
d:\учёба\2 курс\2 семестр\мп\лабораторная работа №1\lab1_4_v6_генерация размещений\lab1_4_v6_генерация размещений\combi.cpp(9): error C2039: cgen: не является членом "combi::accomodation"
  d:\учёба\2 курс\2 семестр\мп\лабораторная работа №1\lab1_4_v6_генерация размещений\lab1_4_v6_генерация размещений\combi.h(5): note:  см. объявление "combi::accomodation"
d:\учёба\2 курс\2 семестр\мп\лабораторная работа №1\lab1_4_v6_генерация размещений\lab1_4_v6_генерация размещений\combi.cpp(10): error C2039: pgen: не является членом "combi::accomodation"
  d:\учёба\2 курс\2 семестр\мп\лабораторная работа №1\lab1_4_v6_генерация размещений\lab1_4_v6_генерация размещений\combi.h(5): note:  см. объявление "combi::accomodation"
d:\учёба\2 курс\2 семестр\мп\лабораторная работа №1\lab1_4_v6_генерация размещений\lab1_4_v6_генерация размещений\combi.cpp(17): error C2039: cgen: не является членом "combi::accomodation"
  d:\учёба\2 курс\2 семестр\мп\лабораторная работа №1\lab1_4_v6_генерация размещений\lab1_4_v6_генерация размещений\combi.h(5): note:  см. объявление "combi::accomodation"
d:\учёба\2 курс\2 семестр\мп\лабораторная работа №1\lab1_4_v6_генерация размещений\lab1_4_v6_генерация размещений\combi.cpp(17): error C2227: выражение слева от "->reset" должно указывать на тип класса, структуры или объединения либо на универсальный тип
d:\учёба\2 курс\2 семестр\мп\лабораторная работа №1\lab1_4_v6_генерация размещений\lab1_4_v6_генерация размещений\combi.cpp(18): error C2039: pgen: не является членом "combi::accomodation"
  d:\учёба\2 курс\2 семестр\мп\лабораторная работа №1\lab1_4_v6_генерация размещений\lab1_4_v6_генерация размещений\combi.h(5): note:  см. объявление "combi::accomodation"
d:\учёба\2 курс\2 семестр\мп\лабораторная работа №1\lab1_4_v6_генерация размещений\lab1_4_v6_генерация размещений\combi.cpp(18): error C2227: выражение слева от "->reset" должно указывать на тип класса, структуры или объединения либо на универсальный тип
d:\учёба\2 курс\2 семестр\мп\лабораторная работа №1\lab1_4_v6_генерация размещений\lab1_4_v6_генерация размещений\combi.cpp(19): error C2039: cgen: не является членом "combi::accomodation"
  d:\учёба\2 курс\2 семестр\мп\лабораторная работа №1\lab1_4_v6_генерация размещений\lab1_4_v6_генерация размещений\combi.h(5): note:  см. объявление "combi::accomodation"
d:\учёба\2 курс\2 семестр\мп\лабораторная работа №1\lab1_4_v6_генерация размещений\lab1_4_v6_генерация размещений\combi.cpp(19): error C2227: выражение слева от "->getfirst" должно указывать на тип класса, структуры или объединения либо на универсальный тип
d:\учёба\2 курс\2 семестр\мп\лабораторная работа №1\lab1_4_v6_генерация размещений\lab1_4_v6_генерация размещений\combi.cpp(27): error C2039: cgen: не является членом "combi::accomodation"
  d:\учёба\2 курс\2 семестр\мп\лабораторная работа №1\lab1_4_v6_генерация размещений\lab1_4_v6_генерация размещений\combi.h(5): note:  см. объявление "combi::accomodation"
d:\учёба\2 курс\2 семестр\мп\лабораторная работа №1\lab1_4_v6_генерация размещений\lab1_4_v6_генерация размещений\combi.cpp(27): error C2227: выражение слева от "->sset" должно указывать на тип класса, структуры или объединения либо на универсальный тип
d:\учёба\2 курс\2 семестр\мп\лабораторная работа №1\lab1_4_v6_генерация размещений\lab1_4_v6_генерация размещений\combi.cpp(27): error C2039: pgen: не является членом "combi::accomodation"
  d:\учёба\2 курс\2 семестр\мп\лабораторная работа №1\lab1_4_v6_генерация размещений\lab1_4_v6_генерация размещений\combi.h(5): note:  см. объявление "combi::accomodation"
d:\учёба\2 курс\2 семестр\мп\лабораторная работа №1\lab1_4_v6_генерация размещений\lab1_4_v6_генерация размещений\combi.cpp(27): error C2227: выражение слева от "->ntx" должно указывать на тип класса, структуры или объединения либо на универсальный тип
d:\учёба\2 курс\2 семестр\мп\лабораторная работа №1\lab1_4_v6_генерация размещений\lab1_4_v6_генерация размещений\combi.cpp(35): error C2039: pgen: не является членом "combi::accomodation"
  d:\учёба\2 курс\2 семестр\мп\лабораторная работа №1\lab1_4_v6_генерация размещений\lab1_4_v6_генерация размещений\combi.h(5): note:  см. объявление "combi::accomodation"
d:\учёба\2 курс\2 семестр\мп\лабораторная работа №1\lab1_4_v6_генерация размещений\lab1_4_v6_генерация размещений\combi.cpp(35): error C2227: выражение слева от "->getnext" должно указывать на тип класса, структуры или объединения либо на универсальный тип
d:\учёба\2 курс\2 семестр\мп\лабораторная работа №1\lab1_4_v6_генерация размещений\lab1_4_v6_генерация размещений\combi.cpp(36): error C2039: cgen: не является членом "combi::accomodation"
  d:\учёба\2 курс\2 семестр\мп\лабораторная работа №1\lab1_4_v6_генерация размещений\lab1_4_v6_генерация размещений\combi.h(5): note:  см. объявление "combi::accomodation"
d:\учёба\2 курс\2 семестр\мп\лабораторная работа №1\lab1_4_v6_генерация размещений\lab1_4_v6_генерация размещений\combi.cpp(36): error C2227: выражение слева от "->getnext" должно указывать на тип класса, структуры или объединения либо на универсальный тип
d:\учёба\2 курс\2 семестр\мп\лабораторная работа №1\lab1_4_v6_генерация размещений\lab1_4_v6_генерация размещений\combi.cpp(38): error C2039: pgen: не является членом "combi::accomodation"
  d:\учёба\2 курс\2 семестр\мп\лабораторная работа №1\lab1_4_v6_генерация размещений\lab1_4_v6_генерация размещений\combi.h(5): note:  см. объявление "combi::accomodation"
d:\учёба\2 курс\2 семестр\мп\лабораторная работа №1\lab1_4_v6_генерация размещений\lab1_4_v6_генерация размещений\combi.cpp(38): error C2227: выражение слева от "->reset" должно указывать на тип класса, структуры или объединения либо на универсальный тип
  Создание кода...
